
========================[ Nov 1, 2011 11:21 AM ]========================
Version 2.2.21 [Jun-14-2009]
Started database file "/u/vgupta/ljgenome/20110812/Ljchr1_pseudomol_20110812.fa_replaced"
Formatted 1 sequences in volume 0
SUCCESS: formatted database /u/vgupta/ljgenome/20110812/Ljchr1_pseudomol_20110812.fa_replaced

========================[ Nov 1, 2011 11:23 AM ]========================
Version 2.2.21 [Jun-14-2009]
Started database file "/u/vgupta/ljgenome/20110812/Ljchr1_pseudomol_20110812.fa_replaced"
Formatted 1 sequences in volume 0
SUCCESS: formatted database /u/vgupta/ljgenome/20110812/Ljchr1_pseudomol_20110812.fa_replaced

========================[ Nov 1, 2011 11:27 AM ]========================
Version 2.2.21 [Jun-14-2009]
Started database file "/u/vgupta/ljgenome/2011_gap_filling/2011_week44/gapglu_v1.0/goalseq_after_rel2.5.fa_replaced"
Formatted 74 sequences in volume 0
SUCCESS: formatted database /u/vgupta/ljgenome/2011_gap_filling/2011_week44/gapglu_v1.0/goalseq_after_rel2.5.fa_replaced

========================[ Nov 1, 2011 11:29 AM ]========================
Version 2.2.21 [Jun-14-2009]
Started database file "/u/vgupta/ljgenome/2011_gap_filling/2011_week44/gapglu_v1.0/goalseq_after_rel2.5.fa_replaced"
Formatted 74 sequences in volume 0
SUCCESS: formatted database /u/vgupta/ljgenome/2011_gap_filling/2011_week44/gapglu_v1.0/goalseq_after_rel2.5.fa_replaced

========================[ Nov 1, 2011 11:49 AM ]========================
Version 2.2.21 [Jun-14-2009]
Started database file "/u/vgupta/ljgenome/2011_gap_filling/2011_week44/gapglu_v1.0/goalseq_after_rel2.5.fa_replaced"
Formatted 74 sequences in volume 0
SUCCESS: formatted database /u/vgupta/ljgenome/2011_gap_filling/2011_week44/gapglu_v1.0/goalseq_after_rel2.5.fa_replaced

========================[ Nov 1, 2011  1:18 PM ]========================
Version 2.2.21 [Jun-14-2009]
Started database file "/u/vgupta/ljgenome/2011_gap_filling/2011_week44/gapglu_v1.0/goalseq_after_rel2.5.fa_replaced"
Formatted 74 sequences in volume 0
SUCCESS: formatted database /u/vgupta/ljgenome/2011_gap_filling/2011_week44/gapglu_v1.0/goalseq_after_rel2.5.fa_replaced

========================[ Nov 1, 2011  2:03 PM ]========================
Version 2.2.21 [Jun-14-2009]
Started database file "/u/vgupta/ljgenome/2011_gap_filling/2011_week44/gapglu_v1.0/goalseq_after_rel2.5.fa_replaced"
Formatted 74 sequences in volume 0
SUCCESS: formatted database /u/vgupta/ljgenome/2011_gap_filling/2011_week44/gapglu_v1.0/goalseq_after_rel2.5.fa_replaced

========================[ Nov 1, 2011  2:18 PM ]========================
Version 2.2.21 [Jun-14-2009]
Started database file "/u/vgupta/ljgenome/2011_gap_filling/2011_week44/gapglu_v1.0/goalseq_after_rel2.5.fa_replaced"
Formatted 74 sequences in volume 0
SUCCESS: formatted database /u/vgupta/ljgenome/2011_gap_filling/2011_week44/gapglu_v1.0/goalseq_after_rel2.5.fa_replaced

========================[ Nov 1, 2011  2:29 PM ]========================
Version 2.2.21 [Jun-14-2009]
Started database file "/u/vgupta/ljgenome/2011_gap_filling/2011_week44/gapglu_v1.0/goalseq_after_rel2.5.fa_replaced"
Formatted 74 sequences in volume 0
SUCCESS: formatted database /u/vgupta/ljgenome/2011_gap_filling/2011_week44/gapglu_v1.0/goalseq_after_rel2.5.fa_replaced

========================[ Nov 1, 2011  2:43 PM ]========================
Version 2.2.21 [Jun-14-2009]
Started database file "/u/vgupta/ljgenome/2011_gap_filling/2011_week44/gapglu_v1.0/goalseq_after_rel2.5.fa_replaced"
Formatted 74 sequences in volume 0
SUCCESS: formatted database /u/vgupta/ljgenome/2011_gap_filling/2011_week44/gapglu_v1.0/goalseq_after_rel2.5.fa_replaced
